<?xml version="1.0" encoding="UTF-8"?>
<testsuite xmlns:xsi="http://www.w3.org/2001/XMLSchema-instance" xsi:noNamespaceSchemaLocation="https://maven.apache.org/surefire/maven-surefire-plugin/xsd/surefire-test-report.xsd" name="org.xtext.asmetal.tests.AsmetaLParsingTest" time="5.287" tests="1" errors="0" skipped="0" failures="1">
  <properties>
    <property name="java.specification.version" value="15"/>
    <property name="sun.cpu.isalist" value="amd64"/>
    <property name="sun.jnu.encoding" value="Cp1252"/>
    <property name="java.class.path" value="C:\Users\garganti\.m2\repository\org\apache\maven\surefire\surefire-booter\2.22.1\surefire-booter-2.22.1.jar;C:\Users\garganti\.m2\repository\org\apache\maven\surefire\surefire-api\2.22.1\surefire-api-2.22.1.jar;C:\Users\garganti\.m2\repository\org\apache\maven\surefire\surefire-logger-api\2.22.1\surefire-logger-api-2.22.1.jar;D:\AgHome\progettidaSVNGIT\asmeta\Quinteros_WebEditor\org.xtext.asmetal.parent\org.xtext.asmetal\target\test-classes;D:\AgHome\progettidaSVNGIT\asmeta\Quinteros_WebEditor\org.xtext.asmetal.parent\org.xtext.asmetal\target\classes;C:\Users\garganti\.m2\repository\junit\junit\4.12\junit-4.12.jar;C:\Users\garganti\.m2\repository\org\hamcrest\hamcrest-core\1.3\hamcrest-core-1.3.jar;C:\Users\garganti\.m2\repository\org\eclipse\xtext\org.eclipse.xtext.testing\2.26.0-SNAPSHOT\org.eclipse.xtext.testing-2.26.0-SNAPSHOT.jar;C:\Users\garganti\.m2\repository\org\eclipse\xtext\org.eclipse.xtext.ide\2.26.0-SNAPSHOT\org.eclipse.xtext.ide-2.26.0-SNAPSHOT.jar;C:\Users\garganti\.m2\repository\org\eclipse\emf\org.eclipse.emf.ecore.change\2.14.0\org.eclipse.emf.ecore.change-2.14.0.jar;C:\Users\garganti\.m2\repository\org\eclipse\lsp4j\org.eclipse.lsp4j\0.12.0\org.eclipse.lsp4j-0.12.0.jar;C:\Users\garganti\.m2\repository\org\eclipse\lsp4j\org.eclipse.lsp4j.generator\0.12.0\org.eclipse.lsp4j.generator-0.12.0.jar;C:\Users\garganti\.m2\repository\org\eclipse\lsp4j\org.eclipse.lsp4j.jsonrpc\0.12.0\org.eclipse.lsp4j.jsonrpc-0.12.0.jar;C:\Users\garganti\.m2\repository\com\google\code\gson\gson\2.8.7\gson-2.8.7.jar;C:\Users\garganti\.m2\repository\org\eclipse\xtext\org.eclipse.xtext.xbase.testing\2.26.0-SNAPSHOT\org.eclipse.xtext.xbase.testing-2.26.0-SNAPSHOT.jar;C:\Users\garganti\.m2\repository\org\eclipse\platform\org.eclipse.equinox.common\3.13.0\org.eclipse.equinox.common-3.13.0.jar;C:\Users\garganti\.m2\repository\org\eclipse\platform\org.eclipse.core.runtime\3.19.0\org.eclipse.core.runtime-3.19.0.jar;C:\Users\garganti\.m2\repository\org\eclipse\platform\org.eclipse.core.jobs\3.10.800\org.eclipse.core.jobs-3.10.800.jar;C:\Users\garganti\.m2\repository\org\eclipse\platform\org.eclipse.equinox.registry\3.9.0\org.eclipse.equinox.registry-3.9.0.jar;C:\Users\garganti\.m2\repository\org\eclipse\platform\org.eclipse.equinox.preferences\3.8.0\org.eclipse.equinox.preferences-3.8.0.jar;C:\Users\garganti\.m2\repository\org\eclipse\platform\org.eclipse.core.contenttype\3.7.800\org.eclipse.core.contenttype-3.7.800.jar;C:\Users\garganti\.m2\repository\org\eclipse\platform\org.eclipse.equinox.app\1.5.0\org.eclipse.equinox.app-1.5.0.jar;C:\Users\garganti\.m2\repository\org\eclipse\jdt\org.eclipse.jdt.core\3.23.0\org.eclipse.jdt.core-3.23.0.jar;C:\Users\garganti\.m2\repository\org\eclipse\platform\org.eclipse.core.resources\3.13.800\org.eclipse.core.resources-3.13.800.jar;C:\Users\garganti\.m2\repository\org\eclipse\platform\org.eclipse.core.expressions\3.7.0\org.eclipse.core.expressions-3.7.0.jar;C:\Users\garganti\.m2\repository\org\eclipse\platform\org.eclipse.core.filesystem\1.7.700\org.eclipse.core.filesystem-1.7.700.jar;C:\Users\garganti\.m2\repository\org\eclipse\platform\org.eclipse.text\3.10.300\org.eclipse.text-3.10.300.jar;C:\Users\garganti\.m2\repository\org\eclipse\platform\org.eclipse.core.commands\3.9.700\org.eclipse.core.commands-3.9.700.jar;C:\Users\garganti\.m2\repository\org\eclipse\jdt\org.eclipse.jdt.compiler.apt\1.3.1100\org.eclipse.jdt.compiler.apt-1.3.1100.jar;C:\Users\garganti\.m2\repository\org\eclipse\jdt\org.eclipse.jdt.compiler.tool\1.2.1000\org.eclipse.jdt.compiler.tool-1.2.1000.jar;C:\Users\garganti\.m2\repository\org\eclipse\xtext\org.eclipse.xtext\2.26.0-SNAPSHOT\org.eclipse.xtext-2.26.0-SNAPSHOT.jar;C:\Users\garganti\.m2\repository\org\eclipse\xtext\org.eclipse.xtext.util\2.26.0-SNAPSHOT\org.eclipse.xtext.util-2.26.0-SNAPSHOT.jar;C:\Users\garganti\.m2\repository\org\eclipse\emf\org.eclipse.emf.ecore\2.20.0\org.eclipse.emf.ecore-2.20.0.jar;C:\Users\garganti\.m2\repository\org\eclipse\xtend\org.eclipse.xtend.lib\2.26.0-SNAPSHOT\org.eclipse.xtend.lib-2.26.0-SNAPSHOT.jar;C:\Users\garganti\.m2\repository\org\eclipse\xtext\org.eclipse.xtext.xbase.lib\2.26.0-SNAPSHOT\org.eclipse.xtext.xbase.lib-2.26.0-SNAPSHOT.jar;C:\Users\garganti\.m2\repository\org\eclipse\xtend\org.eclipse.xtend.lib.macro\2.26.0-SNAPSHOT\org.eclipse.xtend.lib.macro-2.26.0-SNAPSHOT.jar;C:\Users\garganti\.m2\repository\log4j\log4j\1.2.17\log4j-1.2.17.jar;C:\Users\garganti\.m2\repository\org\eclipse\platform\org.eclipse.osgi\3.16.0\org.eclipse.osgi-3.16.0.jar;C:\Users\garganti\.m2\repository\org\eclipse\emf\org.eclipse.emf.common\2.17.0\org.eclipse.emf.common-2.17.0.jar;C:\Users\garganti\.m2\repository\org\eclipse\emf\org.eclipse.emf.ecore.xmi\2.16.0\org.eclipse.emf.ecore.xmi-2.16.0.jar;C:\Users\garganti\.m2\repository\com\google\inject\guice\3.0\guice-3.0.jar;C:\Users\garganti\.m2\repository\javax\inject\javax.inject\1\javax.inject-1.jar;C:\Users\garganti\.m2\repository\aopalliance\aopalliance\1.0\aopalliance-1.0.jar;C:\Users\garganti\.m2\repository\org\antlr\antlr-runtime\3.2\antlr-runtime-3.2.jar;C:\Users\garganti\.m2\repository\org\eclipse\xtext\org.eclipse.xtext.xbase\2.26.0-SNAPSHOT\org.eclipse.xtext.xbase-2.26.0-SNAPSHOT.jar;C:\Users\garganti\.m2\repository\org\eclipse\xtext\org.eclipse.xtext.common.types\2.26.0-SNAPSHOT\org.eclipse.xtext.common.types-2.26.0-SNAPSHOT.jar;C:\Users\garganti\.m2\repository\org\ow2\asm\asm-commons\9.1\asm-commons-9.1.jar;C:\Users\garganti\.m2\repository\org\ow2\asm\asm\9.1\asm-9.1.jar;C:\Users\garganti\.m2\repository\org\ow2\asm\asm-tree\9.1\asm-tree-9.1.jar;C:\Users\garganti\.m2\repository\org\ow2\asm\asm-analysis\9.1\asm-analysis-9.1.jar;C:\Users\garganti\.m2\repository\io\github\classgraph\classgraph\4.8.35\classgraph-4.8.35.jar;C:\Users\garganti\.m2\repository\org\eclipse\xtext\org.eclipse.xtext.xtext.generator\2.26.0-SNAPSHOT\org.eclipse.xtext.xtext.generator-2.26.0-SNAPSHOT.jar;C:\Users\garganti\.m2\repository\org\eclipse\emf\org.eclipse.emf.codegen\2.19.0\org.eclipse.emf.codegen-2.19.0.jar;C:\Users\garganti\.m2\repository\org\eclipse\jdt\org.eclipse.jdt.launching\3.18.0\org.eclipse.jdt.launching-3.18.0.jar;C:\Users\garganti\.m2\repository\org\eclipse\jdt\org.eclipse.jdt.debug\3.16.0\org.eclipse.jdt.debug-3.16.0.jar;C:\Users\garganti\.m2\repository\org\eclipse\platform\org.eclipse.core.variables\3.4.800\org.eclipse.core.variables-3.4.800.jar;C:\Users\garganti\.m2\repository\org\eclipse\platform\org.eclipse.debug.core\3.16.0\org.eclipse.debug.core-3.16.0.jar;C:\Users\garganti\.m2\repository\org\eclipse\emf\org.eclipse.emf.codegen.ecore\2.20.0\org.eclipse.emf.codegen.ecore-2.20.0.jar;C:\Users\garganti\.m2\repository\org\eclipse\emf\org.eclipse.emf.mwe.utils\1.6.1\org.eclipse.emf.mwe.utils-1.6.1.jar;C:\Users\garganti\.m2\repository\org\eclipse\emf\org.eclipse.emf.mwe.core\1.6.1\org.eclipse.emf.mwe.core-1.6.1.jar;C:\Users\garganti\.m2\repository\commons-logging\commons-logging\1.1.3\commons-logging-1.1.3.jar;C:\Users\garganti\.m2\repository\org\eclipse\emf\org.eclipse.emf.mwe2.lib\2.12.1\org.eclipse.emf.mwe2.lib-2.12.1.jar;C:\Users\garganti\.m2\repository\org\eclipse\emf\org.eclipse.emf.mwe2.launch\2.12.1\org.eclipse.emf.mwe2.launch-2.12.1.jar;C:\Users\garganti\.m2\repository\org\eclipse\emf\org.eclipse.emf.mwe2.runtime\2.12.1\org.eclipse.emf.mwe2.runtime-2.12.1.jar;C:\Users\garganti\.m2\repository\org\eclipse\emf\org.eclipse.emf.mwe2.language\2.12.1\org.eclipse.emf.mwe2.language-2.12.1.jar;C:\Users\garganti\.m2\repository\com\google\guava\guava\30.1-jre\guava-30.1-jre.jar;C:\Users\garganti\.m2\repository\com\google\guava\failureaccess\1.0.1\failureaccess-1.0.1.jar;C:\Users\garganti\.m2\repository\com\google\guava\listenablefuture\9999.0-empty-to-avoid-conflict-with-guava\listenablefuture-9999.0-empty-to-avoid-conflict-with-guava.jar;C:\Users\garganti\.m2\repository\com\google\code\findbugs\jsr305\3.0.2\jsr305-3.0.2.jar;C:\Users\garganti\.m2\repository\org\checkerframework\checker-qual\3.5.0\checker-qual-3.5.0.jar;C:\Users\garganti\.m2\repository\com\google\errorprone\error_prone_annotations\2.3.4\error_prone_annotations-2.3.4.jar;C:\Users\garganti\.m2\repository\com\google\j2objc\j2objc-annotations\1.3\j2objc-annotations-1.3.jar;C:\Users\garganti\.m2\repository\commons-cli\commons-cli\1.2\commons-cli-1.2.jar;C:\Users\garganti\.m2\repository\org\eclipse\xtext\xtext-antlr-generator\2.1.1\xtext-antlr-generator-2.1.1.jar;C:\Users\garganti\.m2\repository\org\xtext\antlr-generator\3.2.1\antlr-generator-3.2.1.jar;C:\Users\garganti\.m2\repository\org\apache\maven\surefire\surefire-junit4\2.22.1\surefire-junit4-2.22.1.jar"/>
    <property name="java.vm.vendor" value="Oracle Corporation"/>
    <property name="sun.arch.data.model" value="64"/>
    <property name="user.variant" value=""/>
    <property name="java.vendor.url" value="https://java.oracle.com/"/>
    <property name="user.timezone" value="Europe/Rome"/>
    <property name="user.country.format" value="IT"/>
    <property name="os.name" value="Windows 10"/>
    <property name="java.vm.specification.version" value="15"/>
    <property name="sun.java.launcher" value="SUN_STANDARD"/>
    <property name="user.country" value="US"/>
    <property name="sun.boot.library.path" value="D:\AgHome\programmi\eclipse\plugins\org.eclipse.justj.openjdk.hotspot.jre.full.win32.x86_64_15.0.1.v20201027-0507\jre\bin"/>
    <property name="sun.java.command" value="org.apache.maven.surefire.booter.ForkedBooter C:\Users\garganti\AppData\Local\Temp\surefire15011824491465708653 2021-06-23T09-19-49_523-jvmRun1 surefire13943870958232945605tmp surefire_05072205159825208089tmp"/>
    <property name="jdk.debug" value="release"/>
    <property name="surefire.test.class.path" value="D:\AgHome\progettidaSVNGIT\asmeta\Quinteros_WebEditor\org.xtext.asmetal.parent\org.xtext.asmetal\target\test-classes;D:\AgHome\progettidaSVNGIT\asmeta\Quinteros_WebEditor\org.xtext.asmetal.parent\org.xtext.asmetal\target\classes;C:\Users\garganti\.m2\repository\junit\junit\4.12\junit-4.12.jar;C:\Users\garganti\.m2\repository\org\hamcrest\hamcrest-core\1.3\hamcrest-core-1.3.jar;C:\Users\garganti\.m2\repository\org\eclipse\xtext\org.eclipse.xtext.testing\2.26.0-SNAPSHOT\org.eclipse.xtext.testing-2.26.0-SNAPSHOT.jar;C:\Users\garganti\.m2\repository\org\eclipse\xtext\org.eclipse.xtext.ide\2.26.0-SNAPSHOT\org.eclipse.xtext.ide-2.26.0-SNAPSHOT.jar;C:\Users\garganti\.m2\repository\org\eclipse\emf\org.eclipse.emf.ecore.change\2.14.0\org.eclipse.emf.ecore.change-2.14.0.jar;C:\Users\garganti\.m2\repository\org\eclipse\lsp4j\org.eclipse.lsp4j\0.12.0\org.eclipse.lsp4j-0.12.0.jar;C:\Users\garganti\.m2\repository\org\eclipse\lsp4j\org.eclipse.lsp4j.generator\0.12.0\org.eclipse.lsp4j.generator-0.12.0.jar;C:\Users\garganti\.m2\repository\org\eclipse\lsp4j\org.eclipse.lsp4j.jsonrpc\0.12.0\org.eclipse.lsp4j.jsonrpc-0.12.0.jar;C:\Users\garganti\.m2\repository\com\google\code\gson\gson\2.8.7\gson-2.8.7.jar;C:\Users\garganti\.m2\repository\org\eclipse\xtext\org.eclipse.xtext.xbase.testing\2.26.0-SNAPSHOT\org.eclipse.xtext.xbase.testing-2.26.0-SNAPSHOT.jar;C:\Users\garganti\.m2\repository\org\eclipse\platform\org.eclipse.equinox.common\3.13.0\org.eclipse.equinox.common-3.13.0.jar;C:\Users\garganti\.m2\repository\org\eclipse\platform\org.eclipse.core.runtime\3.19.0\org.eclipse.core.runtime-3.19.0.jar;C:\Users\garganti\.m2\repository\org\eclipse\platform\org.eclipse.core.jobs\3.10.800\org.eclipse.core.jobs-3.10.800.jar;C:\Users\garganti\.m2\repository\org\eclipse\platform\org.eclipse.equinox.registry\3.9.0\org.eclipse.equinox.registry-3.9.0.jar;C:\Users\garganti\.m2\repository\org\eclipse\platform\org.eclipse.equinox.preferences\3.8.0\org.eclipse.equinox.preferences-3.8.0.jar;C:\Users\garganti\.m2\repository\org\eclipse\platform\org.eclipse.core.contenttype\3.7.800\org.eclipse.core.contenttype-3.7.800.jar;C:\Users\garganti\.m2\repository\org\eclipse\platform\org.eclipse.equinox.app\1.5.0\org.eclipse.equinox.app-1.5.0.jar;C:\Users\garganti\.m2\repository\org\eclipse\jdt\org.eclipse.jdt.core\3.23.0\org.eclipse.jdt.core-3.23.0.jar;C:\Users\garganti\.m2\repository\org\eclipse\platform\org.eclipse.core.resources\3.13.800\org.eclipse.core.resources-3.13.800.jar;C:\Users\garganti\.m2\repository\org\eclipse\platform\org.eclipse.core.expressions\3.7.0\org.eclipse.core.expressions-3.7.0.jar;C:\Users\garganti\.m2\repository\org\eclipse\platform\org.eclipse.core.filesystem\1.7.700\org.eclipse.core.filesystem-1.7.700.jar;C:\Users\garganti\.m2\repository\org\eclipse\platform\org.eclipse.text\3.10.300\org.eclipse.text-3.10.300.jar;C:\Users\garganti\.m2\repository\org\eclipse\platform\org.eclipse.core.commands\3.9.700\org.eclipse.core.commands-3.9.700.jar;C:\Users\garganti\.m2\repository\org\eclipse\jdt\org.eclipse.jdt.compiler.apt\1.3.1100\org.eclipse.jdt.compiler.apt-1.3.1100.jar;C:\Users\garganti\.m2\repository\org\eclipse\jdt\org.eclipse.jdt.compiler.tool\1.2.1000\org.eclipse.jdt.compiler.tool-1.2.1000.jar;C:\Users\garganti\.m2\repository\org\eclipse\xtext\org.eclipse.xtext\2.26.0-SNAPSHOT\org.eclipse.xtext-2.26.0-SNAPSHOT.jar;C:\Users\garganti\.m2\repository\org\eclipse\xtext\org.eclipse.xtext.util\2.26.0-SNAPSHOT\org.eclipse.xtext.util-2.26.0-SNAPSHOT.jar;C:\Users\garganti\.m2\repository\org\eclipse\emf\org.eclipse.emf.ecore\2.20.0\org.eclipse.emf.ecore-2.20.0.jar;C:\Users\garganti\.m2\repository\org\eclipse\xtend\org.eclipse.xtend.lib\2.26.0-SNAPSHOT\org.eclipse.xtend.lib-2.26.0-SNAPSHOT.jar;C:\Users\garganti\.m2\repository\org\eclipse\xtext\org.eclipse.xtext.xbase.lib\2.26.0-SNAPSHOT\org.eclipse.xtext.xbase.lib-2.26.0-SNAPSHOT.jar;C:\Users\garganti\.m2\repository\org\eclipse\xtend\org.eclipse.xtend.lib.macro\2.26.0-SNAPSHOT\org.eclipse.xtend.lib.macro-2.26.0-SNAPSHOT.jar;C:\Users\garganti\.m2\repository\log4j\log4j\1.2.17\log4j-1.2.17.jar;C:\Users\garganti\.m2\repository\org\eclipse\platform\org.eclipse.osgi\3.16.0\org.eclipse.osgi-3.16.0.jar;C:\Users\garganti\.m2\repository\org\eclipse\emf\org.eclipse.emf.common\2.17.0\org.eclipse.emf.common-2.17.0.jar;C:\Users\garganti\.m2\repository\org\eclipse\emf\org.eclipse.emf.ecore.xmi\2.16.0\org.eclipse.emf.ecore.xmi-2.16.0.jar;C:\Users\garganti\.m2\repository\com\google\inject\guice\3.0\guice-3.0.jar;C:\Users\garganti\.m2\repository\javax\inject\javax.inject\1\javax.inject-1.jar;C:\Users\garganti\.m2\repository\aopalliance\aopalliance\1.0\aopalliance-1.0.jar;C:\Users\garganti\.m2\repository\org\antlr\antlr-runtime\3.2\antlr-runtime-3.2.jar;C:\Users\garganti\.m2\repository\org\eclipse\xtext\org.eclipse.xtext.xbase\2.26.0-SNAPSHOT\org.eclipse.xtext.xbase-2.26.0-SNAPSHOT.jar;C:\Users\garganti\.m2\repository\org\eclipse\xtext\org.eclipse.xtext.common.types\2.26.0-SNAPSHOT\org.eclipse.xtext.common.types-2.26.0-SNAPSHOT.jar;C:\Users\garganti\.m2\repository\org\ow2\asm\asm-commons\9.1\asm-commons-9.1.jar;C:\Users\garganti\.m2\repository\org\ow2\asm\asm\9.1\asm-9.1.jar;C:\Users\garganti\.m2\repository\org\ow2\asm\asm-tree\9.1\asm-tree-9.1.jar;C:\Users\garganti\.m2\repository\org\ow2\asm\asm-analysis\9.1\asm-analysis-9.1.jar;C:\Users\garganti\.m2\repository\io\github\classgraph\classgraph\4.8.35\classgraph-4.8.35.jar;C:\Users\garganti\.m2\repository\org\eclipse\xtext\org.eclipse.xtext.xtext.generator\2.26.0-SNAPSHOT\org.eclipse.xtext.xtext.generator-2.26.0-SNAPSHOT.jar;C:\Users\garganti\.m2\repository\org\eclipse\emf\org.eclipse.emf.codegen\2.19.0\org.eclipse.emf.codegen-2.19.0.jar;C:\Users\garganti\.m2\repository\org\eclipse\jdt\org.eclipse.jdt.launching\3.18.0\org.eclipse.jdt.launching-3.18.0.jar;C:\Users\garganti\.m2\repository\org\eclipse\jdt\org.eclipse.jdt.debug\3.16.0\org.eclipse.jdt.debug-3.16.0.jar;C:\Users\garganti\.m2\repository\org\eclipse\platform\org.eclipse.core.variables\3.4.800\org.eclipse.core.variables-3.4.800.jar;C:\Users\garganti\.m2\repository\org\eclipse\platform\org.eclipse.debug.core\3.16.0\org.eclipse.debug.core-3.16.0.jar;C:\Users\garganti\.m2\repository\org\eclipse\emf\org.eclipse.emf.codegen.ecore\2.20.0\org.eclipse.emf.codegen.ecore-2.20.0.jar;C:\Users\garganti\.m2\repository\org\eclipse\emf\org.eclipse.emf.mwe.utils\1.6.1\org.eclipse.emf.mwe.utils-1.6.1.jar;C:\Users\garganti\.m2\repository\org\eclipse\emf\org.eclipse.emf.mwe.core\1.6.1\org.eclipse.emf.mwe.core-1.6.1.jar;C:\Users\garganti\.m2\repository\commons-logging\commons-logging\1.1.3\commons-logging-1.1.3.jar;C:\Users\garganti\.m2\repository\org\eclipse\emf\org.eclipse.emf.mwe2.lib\2.12.1\org.eclipse.emf.mwe2.lib-2.12.1.jar;C:\Users\garganti\.m2\repository\org\eclipse\emf\org.eclipse.emf.mwe2.launch\2.12.1\org.eclipse.emf.mwe2.launch-2.12.1.jar;C:\Users\garganti\.m2\repository\org\eclipse\emf\org.eclipse.emf.mwe2.runtime\2.12.1\org.eclipse.emf.mwe2.runtime-2.12.1.jar;C:\Users\garganti\.m2\repository\org\eclipse\emf\org.eclipse.emf.mwe2.language\2.12.1\org.eclipse.emf.mwe2.language-2.12.1.jar;C:\Users\garganti\.m2\repository\com\google\guava\guava\30.1-jre\guava-30.1-jre.jar;C:\Users\garganti\.m2\repository\com\google\guava\failureaccess\1.0.1\failureaccess-1.0.1.jar;C:\Users\garganti\.m2\repository\com\google\guava\listenablefuture\9999.0-empty-to-avoid-conflict-with-guava\listenablefuture-9999.0-empty-to-avoid-conflict-with-guava.jar;C:\Users\garganti\.m2\repository\com\google\code\findbugs\jsr305\3.0.2\jsr305-3.0.2.jar;C:\Users\garganti\.m2\repository\org\checkerframework\checker-qual\3.5.0\checker-qual-3.5.0.jar;C:\Users\garganti\.m2\repository\com\google\errorprone\error_prone_annotations\2.3.4\error_prone_annotations-2.3.4.jar;C:\Users\garganti\.m2\repository\com\google\j2objc\j2objc-annotations\1.3\j2objc-annotations-1.3.jar;C:\Users\garganti\.m2\repository\commons-cli\commons-cli\1.2\commons-cli-1.2.jar;C:\Users\garganti\.m2\repository\org\eclipse\xtext\xtext-antlr-generator\2.1.1\xtext-antlr-generator-2.1.1.jar;C:\Users\garganti\.m2\repository\org\xtext\antlr-generator\3.2.1\antlr-generator-3.2.1.jar;"/>
    <property name="sun.cpu.endian" value="little"/>
    <property name="user.home" value="C:\Users\garganti"/>
    <property name="user.language" value="en"/>
    <property name="java.specification.vendor" value="Oracle Corporation"/>
    <property name="java.version.date" value="2020-10-20"/>
    <property name="java.home" value="D:\AgHome\programmi\eclipse\plugins\org.eclipse.justj.openjdk.hotspot.jre.full.win32.x86_64_15.0.1.v20201027-0507\jre"/>
    <property name="file.separator" value="\"/>
    <property name="basedir" value="D:\AgHome\progettidaSVNGIT\asmeta\Quinteros_WebEditor\org.xtext.asmetal.parent\org.xtext.asmetal"/>
    <property name="java.vm.compressedOopsMode" value="Zero based"/>
    <property name="line.separator" value="&#10;"/>
    <property name="java.vm.specification.vendor" value="Oracle Corporation"/>
    <property name="java.specification.name" value="Java Platform API Specification"/>
    <property name="user.script" value=""/>
    <property name="sun.management.compiler" value="HotSpot 64-Bit Tiered Compilers"/>
    <property name="java.runtime.version" value="15.0.1+9-18"/>
    <property name="user.name" value="garganti"/>
    <property name="path.separator" value=";"/>
    <property name="os.version" value="10.0"/>
    <property name="java.runtime.name" value="OpenJDK Runtime Environment"/>
    <property name="file.encoding" value="Cp1252"/>
    <property name="java.vm.name" value="OpenJDK 64-Bit Server VM"/>
    <property name="localRepository" value="C:\Users\garganti\.m2\repository"/>
    <property name="java.vendor.url.bug" value="https://bugreport.java.com/bugreport/"/>
    <property name="java.io.tmpdir" value="C:\Users\garganti\AppData\Local\Temp\"/>
    <property name="java.version" value="15.0.1"/>
    <property name="user.dir" value="D:\AgHome\progettidaSVNGIT\asmeta\Quinteros_WebEditor\org.xtext.asmetal.parent\org.xtext.asmetal"/>
    <property name="os.arch" value="amd64"/>
    <property name="java.vm.specification.name" value="Java Virtual Machine Specification"/>
    <property name="user.language.format" value="it"/>
    <property name="sun.os.patch.level" value=""/>
    <property name="java.library.path" value="D:\AgHome\programmi\eclipse\plugins\org.eclipse.justj.openjdk.hotspot.jre.full.win32.x86_64_15.0.1.v20201027-0507\jre\bin;C:\WINDOWS\Sun\Java\bin;C:\WINDOWS\system32;C:\WINDOWS;D:/AgHome/programmi/eclipse//plugins/org.eclipse.justj.openjdk.hotspot.jre.full.win32.x86_64_15.0.1.v20201027-0507/jre/bin/server;D:/AgHome/programmi/eclipse//plugins/org.eclipse.justj.openjdk.hotspot.jre.full.win32.x86_64_15.0.1.v20201027-0507/jre/bin;C:\MinGW\bin;C:\ProgramData\Anaconda3;C:\ProgramData\Anaconda3\Library\mingw-w64\bin;C:\ProgramData\Anaconda3\Library\usr\bin;C:\ProgramData\Anaconda3\Library\bin;C:\ProgramData\Anaconda3\Scripts;C:\Program Files (x86)\Common Files\Oracle\Java\javapath;C:\Program Files\Common Files\Oracle\Java\javapath;C:\ProgramData\Oracle\Java\javapath;C:\WINDOWS\system32;C:\WINDOWS;C:\WINDOWS\System32\Wbem;C:\WINDOWS\System32\WindowsPowerShell\v1.0\;C:\Program Files (x86)\GtkSharp\2.12\bin;C:\WINDOWS\System32\OpenSSH\;C:\Program Files (x86)\NVIDIA Corporation\PhysX\Common;C:\Program Files (x86)\sbt\bin;C:\Program Files\NuSMV-2.6.0-win64\bin;C:\Program Files\R\R-3.4.4\bin\x64;D:\AgHome\programmi\yices-2.6.0\bin;C:\Program Files\Calibre2\;C:\WINDOWS\system32;C:\WINDOWS;C:\WINDOWS\System32\Wbem;C:\WINDOWS\System32\WindowsPowerShell\v1.0\;C:\WINDOWS\System32\OpenSSH\;C:\Program Files\TortoiseGit\bi;C:\Program Files\MiKTeX\miktex\bin\x64\;C:\Program Files\TortoiseSVN\bin;C:\Program Files\TortoiseGit\bin;C:\Program Files\LyX 2.3\bin;D:\AgHome\programmi\nuXmv-2.0.0-win64\bin;C:\Program Files\Git\cmd;C:\Users\garganti\AppData\Local\Programs\Python\Python38\Scripts\;C:\Users\garganti\AppData\Local\Programs\Python\Python38\;C:\Users\garganti\AppData\Local\Microsoft\WindowsApps;C:\Users\garganti\AppData\Local\GitHubDesktop\bin;C:\Users\garganti\AppData\Local\Microsoft\WindowsApps;C:\Users\garganti\AppData\Local\Apps\Infocert\Dike GoSign\RAO;D:\AgHome\programmi\eclipse;;."/>
    <property name="java.vm.info" value="mixed mode"/>
    <property name="java.vendor" value="Oracle Corporation"/>
    <property name="java.vm.version" value="15.0.1+9-18"/>
    <property name="sun.io.unicode.encoding" value="UnicodeLittle"/>
    <property name="java.class.version" value="59.0"/>
  </properties>
  <testcase name="loadModel" classname="org.xtext.asmetal.tests.AsmetaLParsingTest" time="0.613">
    <failure type="java.lang.AssertionError">java.lang.AssertionError
	at org.xtext.asmetal.tests.AsmetaLParsingTest.loadModel(AsmetaLParsingTest.java:34)
</failure>
  </testcase>
</testsuite>